[web.moxrathore.com/index.html]
[backblue.gif]
[fade.gif]
[index.html]
[assets.website-files.com/605739cf94ca6b3bfeae0833/css/moritz-petersen.d9606dc1f.min.css]
[assets.website-files.com/605739cf94ca6b3bfeae0833/61321e9133d406917e3c8679_favicon.png]
[assets.website-files.com/605739cf94ca6b3bfeae0833/61321e964eee412d5e14323f_webclip.png]
[panda.moritz-petersen.de/script.js]
[unpkg.com/swiper/swiper-bundle.min.4.delayed]
[unpkg.com/swiper@7.0.5/swiper-bundle.min.css]
[web.moxrathore.com/en]
[assets.website-files.com/605739cf94ca6b3bfeae0833/612267a05c8d97d703e0d39a_hero-wf-ui.png]
[web.moxrathore.com/img/im.jpg]
[assets.website-files.com/605739cf94ca6b3bfeae0833/605739cf94ca6b2bd3ae08c4_display.png]
[web.moxrathore.com/_https_/assets.website-files.com/605739cf94ca6b3bfeae0833/610d4c9a73819a89e42edfa9_Portfolio-video-moritz-petersen-poster-00001.a.delayed]
[assets.website-files.com/605739cf94ca6b3bfeae0833/610ec6af8b801cad3f77bf00_performance-screenshot.png]
[web.moxrathore.com/img/icon.svg]
[assets.website-files.com/605739cf94ca6b3bfeae0833/60fd7ed927e53b0052d7dcca_responsive-design.png]
[web.moxrathore.com/img/girikb.svg]
[web.moxrathore.com/img/Ganpatb.svg]
[web.moxrathore.com/img/kesoba.svg]
[assets.website-files.com/605739cf94ca6bd344ae0845/6114faf53c97ab379ce3b463_drop.jpg]
[assets.website-files.com/605739cf94ca6bd344ae0845/610940295e44df1a522354da_drop-mobile.png]
[assets.website-files.com/605739cf94ca6bd344ae0845/61115d0be99a517a9be291d6_drop-1.png]
[assets.website-files.com/605739cf94ca6bd344ae0845/61115d0b0ad7158f3c527631_drop-2.png]
[assets.website-files.com/605739cf94ca6bd344ae0845/61115d0befa7b25cd7c160f0_drop-3.png]
[assets.website-files.com/605739cf94ca6bd344ae0845/61115d0bc8d060231dca6344_drop-4.png]
[assets.website-files.com/605739cf94ca6bd344ae0845/6114f9c8d0f73c4fc00214af_bramble.jpg]
[assets.website-files.com/605739cf94ca6bd344ae0845/61115e4aaae3048051510e23_Bramble-mobile.png]
[assets.website-files.com/605739cf94ca6bd344ae0845/61115e429a76b0ae437574ab_Bramble-1.png]
[assets.website-files.com/605739cf94ca6bd344ae0845/61115e42aae304ab0d510e01_Bramble-2.png]
[assets.website-files.com/605739cf94ca6bd344ae0845/61115e425b20cfd97dbfadef_Bramble-3.png]
[assets.website-files.com/605739cf94ca6bd344ae0845/61115e429553702c2018da57_Bramble-4.png]
[assets.website-files.com/605739cf94ca6bd344ae0845/6114fb08d07df4663c868a84_bluestein.jpg]
[assets.website-files.com/605739cf94ca6bd344ae0845/61093ff3f968217d27e118ec_Bluestein-mobile.png]
[assets.website-files.com/605739cf94ca6bd344ae0845/61115d47acf37e2782425ec8_bluestein-1.png]
[assets.website-files.com/605739cf94ca6bd344ae0845/61115d47fb891046a0e4056f_bluestein-2.png]
[assets.website-files.com/605739cf94ca6bd344ae0845/61115d47955370c1d018d276_bluestein-3.png]
[assets.website-files.com/605739cf94ca6bd344ae0845/61115d474bfd611049889e0c_bluestein-4.png]
[assets.website-files.com/605739cf94ca6bd344ae0845/6114fac9829dd385fb9869be_hxd.jpg]
[assets.website-files.com/605739cf94ca6bd344ae0845/61115e2e8bb2fa9248b515d1_hxd-mobile.png]
[assets.website-files.com/605739cf94ca6bd344ae0845/61115e29efa7b21095c16343_hxd-1.png]
[assets.website-files.com/605739cf94ca6bd344ae0845/61115e290ad7153198527a18_hxd-2.png]
[assets.website-files.com/605739cf94ca6bd344ae0845/61115e295b20cf96c3bfac16_hxd-3.png]
[assets.website-files.com/605739cf94ca6bd344ae0845/61115e2902caefa74b404793_hxd-4.png]
[assets.website-files.com/605739cf94ca6bd344ae0845/6114fadea68fb63366887c42_thomasemde.jpg]
[assets.website-files.com/605739cf94ca6bd344ae0845/61115dcdbf754b16c5d42274_Thomas-emde-mobile.png]
[assets.website-files.com/605739cf94ca6bd344ae0845/61115dc65b20cf5cf8bfa536_Thomas-emde-1.png]
[assets.website-files.com/605739cf94ca6bd344ae0845/61115dc6e98eb0d4b3e1f6b6_Thomas-emde-2.png]
[assets.website-files.com/605739cf94ca6bd344ae0845/61115dc625e25931c3f6f62f_Thomas-emde-3.png]
[assets.website-files.com/605739cf94ca6bd344ae0845/61115dc6efa7b20fbec162aa_Thomas-emde-4.png]
[assets.website-files.com/605739cf94ca6bd344ae0845/6114fb1ba2c30998584f9802_meetingbox.jpg]
[assets.website-files.com/605739cf94ca6bd344ae0845/61115d7a0fa72aaa0da0d7e8_Meetingbox-mobile.png]
[assets.website-files.com/605739cf94ca6bd344ae0845/61115d789a76b051d4757168_Meetingbox-1.png]
[assets.website-files.com/605739cf94ca6bd344ae0845/61115d789a76b06b2c757167_Meetingbox-2.png]
[assets.website-files.com/605739cf94ca6bd344ae0845/61115d78aae3041cc7510b3e_Meetingbox-3.png]
[assets.website-files.com/605739cf94ca6bd344ae0845/61115d785b20cf3077bfa469_Meetingbox-4.png]
[assets.website-files.com/605739cf94ca6bd344ae0845/6114fb3e0aadb7278ea059de_olf.jpg]
[assets.website-files.com/605739cf94ca6bd344ae0845/61115df9775832751006c176_olf-mobile.png]
[assets.website-files.com/605739cf94ca6bd344ae0845/61115df75cb392a3b45bc374_olf-1.png]
[assets.website-files.com/605739cf94ca6bd344ae0845/61115df7c8d060910bca65e9_olf-2.png]
[assets.website-files.com/605739cf94ca6bd344ae0845/61115df779bfb7aaeda4698e_olf-3.png]
[assets.website-files.com/605739cf94ca6bd344ae0845/61115df7fb891075fce40952_olf-4.png]
[assets.website-files.com/605739cf94ca6bd344ae0845/6114fb30e088dd395b2cfdfa_emde.jpg]
[assets.website-files.com/605739cf94ca6bd344ae0845/61115d9fdddd39bcaf8c6ec2_Emde-mobile.png]
[assets.website-files.com/605739cf94ca6bd344ae0845/61115d98889c9215f4fd4c3c_Emde-1.png]
[assets.website-files.com/605739cf94ca6bd344ae0845/61115d98fb8910628de40876_Emde-2.png]
[assets.website-files.com/605739cf94ca6bd344ae0845/61115d9891fe637b677d632a_Emde-3.png]
[assets.website-files.com/605739cf94ca6bd344ae0845/61115d98558186bb0056183e_Emde-4.png]
[web.moxrathore.com/contact.html]
[web.moxrathore.com/privacy.html]
[web.moxrathore.com/en/privacy]
[d3e54v103j8qbb.cloudfront.net/js/jquery-3.5.1.min.dc5e7f18c8c449.js]
[assets.website-files.com/605739cf94ca6b3bfeae0833/js/moritz-petersen.2a2a236e3.js]
[unpkg.com/swiper/swiper-bundle.min.46.delayed]
[web.moxrathore.com/index.html]
[assets.website-files.com/605739cf94ca6b3bfeae0833/css/moritz-petersen.d9606dc1f.min.css]
[unpkg.com/swiper@7.0.5/swiper-bundle.min.css]
[web.moxrathore.com/en.html]
[web.moxrathore.com/_https_/assets.website-files.com/605739cf94ca6b3bfeae0833/610d4c9a73819a89e42edfa9_Portfolio-video-moritz-petersen-poster-00001.html]
[web.moxrathore.com/img/icon.svg]
[web.moxrathore.com/img/girikb.svg]
[web.moxrathore.com/img/Ganpatb.svg]
[web.moxrathore.com/img/kesoba.svg]
[web.moxrathore.com/contact.html]
[web.moxrathore.com/privacy.html]
[web.moxrathore.com/en/privacy.html]
[unpkg.com/swiper@7.0.5/swiper-bundle.min.js]
